;  LST file generated by mikroListExporter - v.2.0 
; Date/Time: 9/22/2020 4:33:39 PM
;----------------------------------------------

;Address Opcode 	ASM
0x0000	0x2803      	GOTO       3
_main:
;Lab1Task2.c,1 :: 		void main() {
;Lab1Task2.c,2 :: 		TRISB.RB1=1;
0x0003	0x1683      	BSF        STATUS, 5
0x0004	0x1303      	BCF        STATUS, 6
0x0005	0x1486      	BSF        TRISB, 1
;Lab1Task2.c,3 :: 		TRISD.RD7=0;
0x0006	0x1388      	BCF        TRISD, 7
;Lab1Task2.c,4 :: 		while(1)
L_main0:
;Lab1Task2.c,6 :: 		if(PORTB.RB1 == 1)
0x0007	0x1283      	BCF        STATUS, 5
0x0008	0x1C86      	BTFSS      PORTB, 1
0x0009	0x280C      	GOTO       L_main2
;Lab1Task2.c,8 :: 		PORTD.RD7=1;
0x000A	0x1788      	BSF        PORTD, 7
;Lab1Task2.c,9 :: 		}
0x000B	0x280D      	GOTO       L_main3
L_main2:
;Lab1Task2.c,12 :: 		PORTD.RD7=0;
0x000C	0x1388      	BCF        PORTD, 7
;Lab1Task2.c,13 :: 		}
L_main3:
;Lab1Task2.c,14 :: 		}
0x000D	0x2807      	GOTO       L_main0
;Lab1Task2.c,15 :: 		}
L_end_main:
0x000E	0x280E      	GOTO       $+0
; end of _main
Symbol List:
//** Routines locations **
//ADDRESS    SIZE    PROCEDURE
//----------------------------------------------
0x0003      [12]    _main
//** Variables locations ** 
//ADDRESS    SIZE    VARIABLE
//----------------------------------------------
0x0000       [1]    INDF
0x0003       [1]    STATUS
0x0004       [1]    FSR
0x0006       [1]    PORTB
0x0008       [1]    PORTD
0x000A       [1]    PCLATH
0x0020       [2]    ___DoICPAddr
0x0070       [1]    R0
0x0071       [1]    R1
0x0072       [1]    R2
0x0073       [1]    R3
0x0074       [1]    R4
0x0075       [1]    R5
0x0076       [1]    R6
0x0077       [1]    R7
0x0078       [1]    R8
0x0079       [1]    R9
0x007A       [1]    R10
0x007B       [1]    R11
0x007C       [1]    R12
0x007D       [1]    R13
0x007E       [1]    R14
0x007F       [1]    R15
0x0086       [1]    TRISB
0x0088       [1]    TRISD
