;  LST file generated by mikroListExporter - v.2.0 
; Date/Time: 9/22/2020 4:11:25 PM
;----------------------------------------------

;Address Opcode 	ASM
0x0000	0x2803      	GOTO       3
_main:
;Lab1.c,1 :: 		void main() {
;Lab1.c,2 :: 		TRISD=0x00;
0x0003	0x1683      	BSF        STATUS, 5
0x0004	0x1303      	BCF        STATUS, 6
0x0005	0x0188      	CLRF       TRISD
;Lab1.c,3 :: 		while(1)
L_main0:
;Lab1.c,5 :: 		PORTD=00000000;
0x0006	0x1283      	BCF        STATUS, 5
0x0007	0x0188      	CLRF       PORTD
;Lab1.c,6 :: 		PORTD.RD0=1;
0x0008	0x1408      	BSF        PORTD, 0
;Lab1.c,7 :: 		delay_ms(1000);
0x0009	0x300B      	MOVLW      11
0x000A	0x00FB      	MOVWF      R11
0x000B	0x3026      	MOVLW      38
0x000C	0x00FC      	MOVWF      R12
0x000D	0x305D      	MOVLW      93
0x000E	0x00FD      	MOVWF      R13
L_main2:
0x000F	0x0BFD      	DECFSZ     R13, 1
0x0010	0x280F      	GOTO       L_main2
0x0011	0x0BFC      	DECFSZ     R12, 1
0x0012	0x280F      	GOTO       L_main2
0x0013	0x0BFB      	DECFSZ     R11, 1
0x0014	0x280F      	GOTO       L_main2
0x0015	0x0000      	NOP
0x0016	0x0000      	NOP
;Lab1.c,8 :: 		PORTD.RD0=0;
0x0017	0x1008      	BCF        PORTD, 0
;Lab1.c,10 :: 		PORTD.RD1=1;
0x0018	0x1488      	BSF        PORTD, 1
;Lab1.c,11 :: 		delay_ms(1000);
0x0019	0x300B      	MOVLW      11
0x001A	0x00FB      	MOVWF      R11
0x001B	0x3026      	MOVLW      38
0x001C	0x00FC      	MOVWF      R12
0x001D	0x305D      	MOVLW      93
0x001E	0x00FD      	MOVWF      R13
L_main3:
0x001F	0x0BFD      	DECFSZ     R13, 1
0x0020	0x281F      	GOTO       L_main3
0x0021	0x0BFC      	DECFSZ     R12, 1
0x0022	0x281F      	GOTO       L_main3
0x0023	0x0BFB      	DECFSZ     R11, 1
0x0024	0x281F      	GOTO       L_main3
0x0025	0x0000      	NOP
0x0026	0x0000      	NOP
;Lab1.c,12 :: 		PORTD.RD1=0;
0x0027	0x1088      	BCF        PORTD, 1
;Lab1.c,14 :: 		PORTD.RD2=1;
0x0028	0x1508      	BSF        PORTD, 2
;Lab1.c,15 :: 		delay_ms(1000);
0x0029	0x300B      	MOVLW      11
0x002A	0x00FB      	MOVWF      R11
0x002B	0x3026      	MOVLW      38
0x002C	0x00FC      	MOVWF      R12
0x002D	0x305D      	MOVLW      93
0x002E	0x00FD      	MOVWF      R13
L_main4:
0x002F	0x0BFD      	DECFSZ     R13, 1
0x0030	0x282F      	GOTO       L_main4
0x0031	0x0BFC      	DECFSZ     R12, 1
0x0032	0x282F      	GOTO       L_main4
0x0033	0x0BFB      	DECFSZ     R11, 1
0x0034	0x282F      	GOTO       L_main4
0x0035	0x0000      	NOP
0x0036	0x0000      	NOP
;Lab1.c,16 :: 		PORTD.RD2=0;
0x0037	0x1108      	BCF        PORTD, 2
;Lab1.c,18 :: 		PORTD.RD3=1;
0x0038	0x1588      	BSF        PORTD, 3
;Lab1.c,19 :: 		delay_ms(1000);
0x0039	0x300B      	MOVLW      11
0x003A	0x00FB      	MOVWF      R11
0x003B	0x3026      	MOVLW      38
0x003C	0x00FC      	MOVWF      R12
0x003D	0x305D      	MOVLW      93
0x003E	0x00FD      	MOVWF      R13
L_main5:
0x003F	0x0BFD      	DECFSZ     R13, 1
0x0040	0x283F      	GOTO       L_main5
0x0041	0x0BFC      	DECFSZ     R12, 1
0x0042	0x283F      	GOTO       L_main5
0x0043	0x0BFB      	DECFSZ     R11, 1
0x0044	0x283F      	GOTO       L_main5
0x0045	0x0000      	NOP
0x0046	0x0000      	NOP
;Lab1.c,20 :: 		PORTD.RD3=0;
0x0047	0x1188      	BCF        PORTD, 3
;Lab1.c,22 :: 		PORTD.RD4=1;
0x0048	0x1608      	BSF        PORTD, 4
;Lab1.c,23 :: 		delay_ms(1000);
0x0049	0x300B      	MOVLW      11
0x004A	0x00FB      	MOVWF      R11
0x004B	0x3026      	MOVLW      38
0x004C	0x00FC      	MOVWF      R12
0x004D	0x305D      	MOVLW      93
0x004E	0x00FD      	MOVWF      R13
L_main6:
0x004F	0x0BFD      	DECFSZ     R13, 1
0x0050	0x284F      	GOTO       L_main6
0x0051	0x0BFC      	DECFSZ     R12, 1
0x0052	0x284F      	GOTO       L_main6
0x0053	0x0BFB      	DECFSZ     R11, 1
0x0054	0x284F      	GOTO       L_main6
0x0055	0x0000      	NOP
0x0056	0x0000      	NOP
;Lab1.c,24 :: 		PORTD.RD4=0;
0x0057	0x1208      	BCF        PORTD, 4
;Lab1.c,26 :: 		PORTD.RD5=1;
0x0058	0x1688      	BSF        PORTD, 5
;Lab1.c,27 :: 		delay_ms(1000);
0x0059	0x300B      	MOVLW      11
0x005A	0x00FB      	MOVWF      R11
0x005B	0x3026      	MOVLW      38
0x005C	0x00FC      	MOVWF      R12
0x005D	0x305D      	MOVLW      93
0x005E	0x00FD      	MOVWF      R13
L_main7:
0x005F	0x0BFD      	DECFSZ     R13, 1
0x0060	0x285F      	GOTO       L_main7
0x0061	0x0BFC      	DECFSZ     R12, 1
0x0062	0x285F      	GOTO       L_main7
0x0063	0x0BFB      	DECFSZ     R11, 1
0x0064	0x285F      	GOTO       L_main7
0x0065	0x0000      	NOP
0x0066	0x0000      	NOP
;Lab1.c,28 :: 		PORTD.RD5=0;
0x0067	0x1288      	BCF        PORTD, 5
;Lab1.c,30 :: 		PORTD.RD6=1;
0x0068	0x1708      	BSF        PORTD, 6
;Lab1.c,31 :: 		delay_ms(1000);
0x0069	0x300B      	MOVLW      11
0x006A	0x00FB      	MOVWF      R11
0x006B	0x3026      	MOVLW      38
0x006C	0x00FC      	MOVWF      R12
0x006D	0x305D      	MOVLW      93
0x006E	0x00FD      	MOVWF      R13
L_main8:
0x006F	0x0BFD      	DECFSZ     R13, 1
0x0070	0x286F      	GOTO       L_main8
0x0071	0x0BFC      	DECFSZ     R12, 1
0x0072	0x286F      	GOTO       L_main8
0x0073	0x0BFB      	DECFSZ     R11, 1
0x0074	0x286F      	GOTO       L_main8
0x0075	0x0000      	NOP
0x0076	0x0000      	NOP
;Lab1.c,32 :: 		PORTD.RD6=0;
0x0077	0x1308      	BCF        PORTD, 6
;Lab1.c,34 :: 		PORTD.RD7=1;
0x0078	0x1788      	BSF        PORTD, 7
;Lab1.c,35 :: 		delay_ms(1000);
0x0079	0x300B      	MOVLW      11
0x007A	0x00FB      	MOVWF      R11
0x007B	0x3026      	MOVLW      38
0x007C	0x00FC      	MOVWF      R12
0x007D	0x305D      	MOVLW      93
0x007E	0x00FD      	MOVWF      R13
L_main9:
0x007F	0x0BFD      	DECFSZ     R13, 1
0x0080	0x287F      	GOTO       L_main9
0x0081	0x0BFC      	DECFSZ     R12, 1
0x0082	0x287F      	GOTO       L_main9
0x0083	0x0BFB      	DECFSZ     R11, 1
0x0084	0x287F      	GOTO       L_main9
0x0085	0x0000      	NOP
0x0086	0x0000      	NOP
;Lab1.c,36 :: 		PORTD.RD7=0;
0x0087	0x1388      	BCF        PORTD, 7
;Lab1.c,37 :: 		}
0x0088	0x2806      	GOTO       L_main0
;Lab1.c,38 :: 		}
L_end_main:
0x0089	0x2889      	GOTO       $+0
; end of _main
Symbol List:
//** Routines locations **
//ADDRESS    SIZE    PROCEDURE
//----------------------------------------------
0x0003     [135]    _main
//** Variables locations ** 
//ADDRESS    SIZE    VARIABLE
//----------------------------------------------
0x0000       [1]    INDF
0x0003       [1]    STATUS
0x0004       [1]    FSR
0x0008       [1]    PORTD
0x000A       [1]    PCLATH
0x0020       [2]    ___DoICPAddr
0x0070       [1]    R0
0x0071       [1]    R1
0x0072       [1]    R2
0x0073       [1]    R3
0x0074       [1]    R4
0x0075       [1]    R5
0x0076       [1]    R6
0x0077       [1]    R7
0x0078       [1]    R8
0x0079       [1]    R9
0x007A       [1]    R10
0x007B       [1]    R11
0x007C       [1]    R12
0x007D       [1]    R13
0x007E       [1]    R14
0x007F       [1]    R15
0x0088       [1]    TRISD
