;  LST file generated by mikroListExporter - v.2.0 
; Date/Time: 2/15/2021 8:34:30 PM
;----------------------------------------------

;Address Opcode 	ASM
0x0000	0x2803      	GOTO       3
_main:
;MyProject.c,1 :: 		void main()
;MyProject.c,3 :: 		TRISB.RB0 =0;   //PORT RB0 is configured as output
0x0003	0x1683      	BSF        STATUS, 5
0x0004	0x1303      	BCF        STATUS, 6
0x0005	0x1006      	BCF        TRISB, 0
;MyProject.c,4 :: 		TRISC.RC0=1;     //PORT RC0 is configured as INPUT
0x0006	0x1407      	BSF        TRISC, 0
;MyProject.c,5 :: 		T1CON = 0x02; // T1CON.TMR1CS=1 to Configure timer 1 as counter
0x0007	0x3002      	MOVLW      2
0x0008	0x1283      	BCF        STATUS, 5
0x0009	0x0090      	MOVWF      T1CON
;MyProject.c,6 :: 		TMR1H=0x00;
0x000A	0x018F      	CLRF       TMR1H
;MyProject.c,7 :: 		TMR1L=0x00;
0x000B	0x018E      	CLRF       TMR1L
;MyProject.c,8 :: 		T1CON.TMR1ON = 1;
0x000C	0x1410      	BSF        T1CON, 0
;MyProject.c,9 :: 		while(1)
L_main0:
;MyProject.c,12 :: 		int num = 0;
0x000D	0x01A2      	CLRF       main_num_L1
0x000E	0x01A3      	CLRF       main_num_L1+1
;MyProject.c,13 :: 		while(PIR1.TMR1IF==0)
L_main2:
0x000F	0x180C      	BTFSC      PIR1, 0
0x0010	0x2815      	GOTO       L_main3
;MyProject.c,17 :: 		num ++;
0x0011	0x0AA2      	INCF       main_num_L1, 1
0x0012	0x1903      	BTFSC      STATUS, 2
0x0013	0x0AA3      	INCF       main_num_L1+1, 1
;MyProject.c,19 :: 		}
0x0014	0x280F      	GOTO       L_main2
L_main3:
;MyProject.c,20 :: 		if (num > 10){
0x0015	0x3080      	MOVLW      128
0x0016	0x00F0      	MOVWF      R0
0x0017	0x3080      	MOVLW      128
0x0018	0x0623      	XORWF      main_num_L1+1, 0
0x0019	0x0270      	SUBWF      R0, 0
0x001A	0x1D03      	BTFSS      STATUS, 2
0x001B	0x281E      	GOTO       L__main6
0x001C	0x0822      	MOVF       main_num_L1, 0
0x001D	0x3C0A      	SUBLW      10
L__main6:
0x001E	0x1803      	BTFSC      STATUS, 0
0x001F	0x2821      	GOTO       L_main4
;MyProject.c,21 :: 		PORTB.RB0 = 1;
0x0020	0x1406      	BSF        PORTB, 0
;MyProject.c,22 :: 		}
L_main4:
;MyProject.c,23 :: 		T1CON.TMR1ON=0;
0x0021	0x1010      	BCF        T1CON, 0
;MyProject.c,24 :: 		TMR1H=0x00;   // Initial Values of TMR1H=0
0x0022	0x018F      	CLRF       TMR1H
;MyProject.c,25 :: 		TMR1L=0x00;   // Initial Values of TMR1L=0
0x0023	0x018E      	CLRF       TMR1L
;MyProject.c,26 :: 		T1CON.TMR1ON = 1;
0x0024	0x1410      	BSF        T1CON, 0
;MyProject.c,27 :: 		PIR1.TMR1IF=0;
0x0025	0x100C      	BCF        PIR1, 0
;MyProject.c,28 :: 		}
0x0026	0x280D      	GOTO       L_main0
;MyProject.c,29 :: 		}
L_end_main:
0x0027	0x2827      	GOTO       $+0
; end of _main
Symbol List:
//** Routines locations **
//ADDRESS    SIZE    PROCEDURE
//----------------------------------------------
0x0003      [37]    _main
//** Variables locations ** 
//ADDRESS    SIZE    VARIABLE
//----------------------------------------------
0x0000       [1]    INDF
0x0003       [1]    STATUS
0x0004       [1]    FSR
0x0006       [1]    PORTB
0x000A       [1]    PCLATH
0x000C       [1]    PIR1
0x000E       [1]    TMR1L
0x000F       [1]    TMR1H
0x0010       [1]    T1CON
0x0020       [2]    ___DoICPAddr
0x0022       [2]    main_num_L1
0x0070       [1]    R0
0x0071       [1]    R1
0x0072       [1]    R2
0x0073       [1]    R3
0x0074       [1]    R4
0x0075       [1]    R5
0x0076       [1]    R6
0x0077       [1]    R7
0x0078       [1]    R8
0x0079       [1]    R9
0x007A       [1]    R10
0x007B       [1]    R11
0x007C       [1]    R12
0x007D       [1]    R13
0x007E       [1]    R14
0x007F       [1]    R15
0x0086       [1]    TRISB
0x0087       [1]    TRISC
