;  LST file generated by mikroListExporter - v.2.0 
; Date/Time: 10/5/2020 9:52:12 AM
;----------------------------------------------

;Address Opcode 	ASM
0x0000	0x284A      	GOTO       74
_interrupt:
0x0004	0x00FF      	MOVWF      R15
0x0005	0x0E03      	SWAPF      STATUS, 0
0x0006	0x0183      	CLRF       STATUS
0x0007	0x00A7      	MOVWF      ___saveSTATUS
0x0008	0x080A      	MOVF       PCLATH, 0
0x0009	0x00A6      	MOVWF      ___savePCLATH
0x000A	0x018A      	CLRF       PCLATH
0x000B	0x087B      	MOVF       R11, 0
0x000C	0x00A2      	MOVWF      34
0x000D	0x087C      	MOVF       R12, 0
0x000E	0x00A1      	MOVWF      33
0x000F	0x087D      	MOVF       R13, 0
0x0010	0x00A0      	MOVWF      32
;Task1.c,33 :: 		void interrupt()
;Task1.c,35 :: 		if (INTCON.RBIF==1)
0x0011	0x1C0B      	BTFSS      INTCON, 0
0x0012	0x282A      	GOTO       L_interrupt4
;Task1.c,37 :: 		PORTD.RD3=0;
0x0013	0x1188      	BCF        PORTD, 3
;Task1.c,38 :: 		PORTD.RD2=0;
0x0014	0x1108      	BCF        PORTD, 2
;Task1.c,39 :: 		PORTD.RD1=0;
0x0015	0x1088      	BCF        PORTD, 1
;Task1.c,40 :: 		PORTD.RD0=0;
0x0016	0x1008      	BCF        PORTD, 0
;Task1.c,42 :: 		PORTD = temp^PORTB;
0x0017	0x0806      	MOVF       PORTB, 0
0x0018	0x0623      	XORWF      _temp, 0
0x0019	0x0088      	MOVWF      PORTD
;Task1.c,43 :: 		temp = PORTB;
0x001A	0x0806      	MOVF       PORTB, 0
0x001B	0x00A3      	MOVWF      _temp
;Task1.c,44 :: 		Delay_ms(2000);
0x001C	0x301A      	MOVLW      26
0x001D	0x00FB      	MOVWF      R11
0x001E	0x305E      	MOVLW      94
0x001F	0x00FC      	MOVWF      R12
0x0020	0x306E      	MOVLW      110
0x0021	0x00FD      	MOVWF      R13
L_interrupt5:
0x0022	0x0BFD      	DECFSZ     R13, 1
0x0023	0x2822      	GOTO       L_interrupt5
0x0024	0x0BFC      	DECFSZ     R12, 1
0x0025	0x2822      	GOTO       L_interrupt5
0x0026	0x0BFB      	DECFSZ     R11, 1
0x0027	0x2822      	GOTO       L_interrupt5
0x0028	0x0000      	NOP
;Task1.c,45 :: 		INTCON.RBIF=0;
0x0029	0x100B      	BCF        INTCON, 0
;Task1.c,46 :: 		}
L_interrupt4:
;Task1.c,47 :: 		}
L_end_interrupt:
L__interrupt8:
0x002A	0x0822      	MOVF       34, 0
0x002B	0x00FB      	MOVWF      R11
0x002C	0x0821      	MOVF       33, 0
0x002D	0x00FC      	MOVWF      R12
0x002E	0x0820      	MOVF       32, 0
0x002F	0x00FD      	MOVWF      R13
0x0030	0x0826      	MOVF       ___savePCLATH, 0
0x0031	0x008A      	MOVWF      PCLATH
0x0032	0x0E27      	SWAPF      ___saveSTATUS, 0
0x0033	0x0083      	MOVWF      STATUS
0x0034	0x0EFF      	SWAPF      R15, 1
0x0035	0x0E7F      	SWAPF      R15, 0
0x0036	0x0009      	RETFIE
; end of _interrupt
_____DoICP:
;__Lib_System.c,6 :: 		
;__Lib_System.c,9 :: 		
0x0037	0x1283      	BCF        STATUS, 5
0x0038	0x1303      	BCF        STATUS, 6
0x0039	0x0825      	MOVF       ___DoICPAddr+1, 0
0x003A	0x008A      	MOVWF      PCLATH
;__Lib_System.c,10 :: 		
0x003B	0x0824      	MOVF       ___DoICPAddr, 0
0x003C	0x0082      	MOVWF      PCL
;__Lib_System.c,12 :: 		
L_end_____DoICP:
0x003D	0x0008      	RETURN
; end of _____DoICP
___CC2DW:
;__Lib_System.c,134 :: 		
;__Lib_System.c,137 :: 		
_CC2D_Loop1:
;__Lib_System.c,139 :: 		
0x003E	0x2037      	CALL       _____DoICP
0x003F	0x118A      	BCF        PCLATH, 3
0x0040	0x120A      	BCF        PCLATH, 4
;__Lib_System.c,141 :: 		
0x0041	0x0080      	MOVWF      INDF
;__Lib_System.c,142 :: 		
0x0042	0x0A84      	INCF       FSR, 1
;__Lib_System.c,143 :: 		
0x0043	0x0AA4      	INCF       ___DoICPAddr, 1
;__Lib_System.c,145 :: 		
0x0044	0x1903      	BTFSC      STATUS, 2
;__Lib_System.c,146 :: 		
0x0045	0x0AA5      	INCF       ___DoICPAddr+1, 1
;__Lib_System.c,147 :: 		
0x0046	0x03F0      	DECF       R0, 1
;__Lib_System.c,149 :: 		
0x0047	0x1D03      	BTFSS      STATUS, 2
;__Lib_System.c,150 :: 		
0x0048	0x283E      	GOTO       _CC2D_Loop1
;__Lib_System.c,152 :: 		
L_end___CC2DW:
0x0049	0x0008      	RETURN
; end of ___CC2DW
_main:
0x004A	0x1283      	BCF        STATUS, 5
0x004B	0x1303      	BCF        STATUS, 6
0x004C	0x01A3      	CLRF       _temp
;Task1.c,2 :: 		void main() {
;Task1.c,3 :: 		TRISD.RD7 = 0;
0x004D	0x1683      	BSF        STATUS, 5
0x004E	0x1388      	BCF        TRISD, 7
;Task1.c,4 :: 		TRISD.RD6 = 0;
0x004F	0x1308      	BCF        TRISD, 6
;Task1.c,5 :: 		TRISD.RD5 = 0;
0x0050	0x1288      	BCF        TRISD, 5
;Task1.c,6 :: 		TRISD.RD4 = 0;
0x0051	0x1208      	BCF        TRISD, 4
;Task1.c,7 :: 		TRISD.RD3 = 0;
0x0052	0x1188      	BCF        TRISD, 3
;Task1.c,8 :: 		TRISD.RD2 = 0;
0x0053	0x1108      	BCF        TRISD, 2
;Task1.c,9 :: 		TRISD.RD1 = 0;
0x0054	0x1088      	BCF        TRISD, 1
;Task1.c,10 :: 		TRISD.RD0 = 0;
0x0055	0x1008      	BCF        TRISD, 0
;Task1.c,12 :: 		INTCON.GIE = 1;
0x0056	0x178B      	BSF        INTCON, 7
;Task1.c,13 :: 		INTCON.RBIE = 1;
0x0057	0x158B      	BSF        INTCON, 3
;Task1.c,14 :: 		while (1)
L_main0:
;Task1.c,16 :: 		PORTD.RD7=0;
0x0058	0x1283      	BCF        STATUS, 5
0x0059	0x1388      	BCF        PORTD, 7
;Task1.c,17 :: 		PORTD.RD6=0;
0x005A	0x1308      	BCF        PORTD, 6
;Task1.c,18 :: 		PORTD.RD5=0;
0x005B	0x1288      	BCF        PORTD, 5
;Task1.c,19 :: 		PORTD.RD4=0;
0x005C	0x1208      	BCF        PORTD, 4
;Task1.c,21 :: 		PORTD.RD3=1;
0x005D	0x1588      	BSF        PORTD, 3
;Task1.c,22 :: 		PORTD.RD2=1;
0x005E	0x1508      	BSF        PORTD, 2
;Task1.c,23 :: 		PORTD.RD1=1;
0x005F	0x1488      	BSF        PORTD, 1
;Task1.c,24 :: 		PORTD.RD0=1;
0x0060	0x1408      	BSF        PORTD, 0
;Task1.c,25 :: 		Delay_ms(1000);
0x0061	0x300D      	MOVLW      13
0x0062	0x00FB      	MOVWF      R11
0x0063	0x30AF      	MOVLW      175
0x0064	0x00FC      	MOVWF      R12
0x0065	0x30B6      	MOVLW      182
0x0066	0x00FD      	MOVWF      R13
L_main2:
0x0067	0x0BFD      	DECFSZ     R13, 1
0x0068	0x2867      	GOTO       L_main2
0x0069	0x0BFC      	DECFSZ     R12, 1
0x006A	0x2867      	GOTO       L_main2
0x006B	0x0BFB      	DECFSZ     R11, 1
0x006C	0x2867      	GOTO       L_main2
0x006D	0x0000      	NOP
;Task1.c,26 :: 		PORTD.RD3=0;
0x006E	0x1188      	BCF        PORTD, 3
;Task1.c,27 :: 		PORTD.RD2=0;
0x006F	0x1108      	BCF        PORTD, 2
;Task1.c,28 :: 		PORTD.RD1=0;
0x0070	0x1088      	BCF        PORTD, 1
;Task1.c,29 :: 		PORTD.RD0=0;
0x0071	0x1008      	BCF        PORTD, 0
;Task1.c,30 :: 		Delay_ms(1000);
0x0072	0x300D      	MOVLW      13
0x0073	0x00FB      	MOVWF      R11
0x0074	0x30AF      	MOVLW      175
0x0075	0x00FC      	MOVWF      R12
0x0076	0x30B6      	MOVLW      182
0x0077	0x00FD      	MOVWF      R13
L_main3:
0x0078	0x0BFD      	DECFSZ     R13, 1
0x0079	0x2878      	GOTO       L_main3
0x007A	0x0BFC      	DECFSZ     R12, 1
0x007B	0x2878      	GOTO       L_main3
0x007C	0x0BFB      	DECFSZ     R11, 1
0x007D	0x2878      	GOTO       L_main3
0x007E	0x0000      	NOP
;Task1.c,31 :: 		}
0x007F	0x2858      	GOTO       L_main0
;Task1.c,32 :: 		}
L_end_main:
0x0080	0x2880      	GOTO       $+0
; end of _main
Symbol List:
//** Routines locations **
//ADDRESS    SIZE    PROCEDURE
//----------------------------------------------
0x0004      [51]    _interrupt
0x0037       [7]    _____DoICP
0x003E      [12]    ___CC2DW
0x004A      [55]    _main
//** Variables locations ** 
//ADDRESS    SIZE    VARIABLE
//----------------------------------------------
0x0000       [1]    INDF
0x0002       [1]    PCL
0x0003       [1]    STATUS
0x0004       [1]    FSR
0x0006       [1]    PORTB
0x0008       [1]    PORTD
0x000A       [1]    PCLATH
0x000B       [1]    INTCON
0x0023       [1]    _temp
0x0024       [2]    ___DoICPAddr
0x0026       [1]    ___savePCLATH
0x0027       [1]    ___saveSTATUS
0x0070       [1]    R0
0x0071       [1]    R1
0x0072       [1]    R2
0x0073       [1]    R3
0x0074       [1]    R4
0x0075       [1]    R5
0x0076       [1]    R6
0x0077       [1]    R7
0x0078       [1]    R8
0x0079       [1]    R9
0x007A       [1]    R10
0x007B       [1]    R11
0x007C       [1]    R12
0x007D       [1]    R13
0x007E       [1]    R14
0x007F       [1]    R15
0x0088       [1]    TRISD
