;  LST file generated by mikroListExporter - v.2.0 
; Date/Time: 2/15/2021 8:26:09 PM
;----------------------------------------------

;Address Opcode 	ASM
0x0000	0x2803      	GOTO       3
_main:
;Task_1.c,1 :: 		void main()
;Task_1.c,3 :: 		TRISB=0x00;   //PORT B is configured as output
0x0003	0x1683      	BSF        STATUS, 5
0x0004	0x1303      	BCF        STATUS, 6
0x0005	0x0186      	CLRF       TRISB
;Task_1.c,4 :: 		TRISD=0x00;   //PORT D is configured as output
0x0006	0x0188      	CLRF       TRISD
;Task_1.c,5 :: 		TRISC.RC0=1;  // RC0 is configured as input for external clock
0x0007	0x1407      	BSF        TRISC, 0
;Task_1.c,6 :: 		T1CON = 0x02; // T1CON.TMR1CS=1 to Configure timer 1 as counter
0x0008	0x3002      	MOVLW      2
0x0009	0x1283      	BCF        STATUS, 5
0x000A	0x0090      	MOVWF      T1CON
;Task_1.c,7 :: 		TMR1H=0x00;   // Initial Values of TMR1H=0
0x000B	0x018F      	CLRF       TMR1H
;Task_1.c,8 :: 		TMR1L=0x00;   // Initial Values of TMR1L=0
0x000C	0x018E      	CLRF       TMR1L
;Task_1.c,9 :: 		T1CON.TMR1ON = 1;    //Start Timer1
0x000D	0x1410      	BSF        T1CON, 0
;Task_1.c,10 :: 		while(1)
L_main0:
;Task_1.c,12 :: 		while(PIR1.TMR1IF==0)
L_main2:
0x000E	0x180C      	BTFSC      PIR1, 0
0x000F	0x2815      	GOTO       L_main3
;Task_1.c,14 :: 		PORTB = TMR1L;
0x0010	0x080E      	MOVF       TMR1L, 0
0x0011	0x0086      	MOVWF      PORTB
;Task_1.c,15 :: 		PORTD= TMR1H;
0x0012	0x080F      	MOVF       TMR1H, 0
0x0013	0x0088      	MOVWF      PORTD
;Task_1.c,16 :: 		}
0x0014	0x280E      	GOTO       L_main2
L_main3:
;Task_1.c,17 :: 		T1CON.TMR1ON=0;
0x0015	0x1010      	BCF        T1CON, 0
;Task_1.c,18 :: 		TMR1H=0x00;   // Initial Values of TMR1H=0
0x0016	0x018F      	CLRF       TMR1H
;Task_1.c,19 :: 		TMR1L=0x00;   // Initial Values of TMR1L=0
0x0017	0x018E      	CLRF       TMR1L
;Task_1.c,20 :: 		T1CON.TMR1ON = 1;
0x0018	0x1410      	BSF        T1CON, 0
;Task_1.c,21 :: 		PIR1.TMR1IF=0;
0x0019	0x100C      	BCF        PIR1, 0
;Task_1.c,22 :: 		}
0x001A	0x280E      	GOTO       L_main0
;Task_1.c,23 :: 		}
L_end_main:
0x001B	0x281B      	GOTO       $+0
; end of _main
Symbol List:
//** Routines locations **
//ADDRESS    SIZE    PROCEDURE
//----------------------------------------------
0x0003      [25]    _main
//** Variables locations ** 
//ADDRESS    SIZE    VARIABLE
//----------------------------------------------
0x0000       [1]    INDF
0x0003       [1]    STATUS
0x0004       [1]    FSR
0x0006       [1]    PORTB
0x0008       [1]    PORTD
0x000A       [1]    PCLATH
0x000C       [1]    PIR1
0x000E       [1]    TMR1L
0x000F       [1]    TMR1H
0x0010       [1]    T1CON
0x0020       [2]    ___DoICPAddr
0x0070       [1]    R0
0x0071       [1]    R1
0x0072       [1]    R2
0x0073       [1]    R3
0x0074       [1]    R4
0x0075       [1]    R5
0x0076       [1]    R6
0x0077       [1]    R7
0x0078       [1]    R8
0x0079       [1]    R9
0x007A       [1]    R10
0x007B       [1]    R11
0x007C       [1]    R12
0x007D       [1]    R13
0x007E       [1]    R14
0x007F       [1]    R15
0x0086       [1]    TRISB
0x0087       [1]    TRISC
0x0088       [1]    TRISD
